[0.026s] Invoking command in '/home/lasantha/ros2_ws/build/ardupilot_sitl': CMAKE_PREFIX_PATH=/home/lasantha/ros2_ws/install/micro_ros_agent:/home/lasantha/ros2_ws/install/ardupilot_msgs:/home/lasantha/ros2_ws/install/my_package:/home/lasantha/ros2_ws/install/examples_rclcpp_wait_set:/home/lasantha/ros2_ws/install/examples_rclcpp_multithreaded_executor:/home/lasantha/ros2_ws/install/examples_rclcpp_minimal_timer:/home/lasantha/ros2_ws/install/examples_rclcpp_minimal_subscriber:/home/lasantha/ros2_ws/install/examples_rclcpp_minimal_service:/home/lasantha/ros2_ws/install/examples_rclcpp_minimal_publisher:/home/lasantha/ros2_ws/install/examples_rclcpp_minimal_composition:/home/lasantha/ros2_ws/install/examples_rclcpp_minimal_client:/home/lasantha/ros2_ws/install/examples_rclcpp_minimal_action_server:/home/lasantha/ros2_ws/install/examples_rclcpp_minimal_action_client:/home/lasantha/ros2_ws/install/examples_rclcpp_cbg_executor:/home/lasantha/ros2_ws/install/examples_rclcpp_async_client:/home/lasantha/ros2_ws/install/cpp_pubsub:/home/lasantha/ros2_ws/install/py_2wbot_ctrl:/home/lasantha/ros2_ws/install/py_pubsub:/home/lasantha/ros2_ws/install/launch_testing_examples:/home/lasantha/ros2_ws/install/examples_rclpy_pointcloud_publisher:/home/lasantha/ros2_ws/install/examples_rclpy_minimal_subscriber:/home/lasantha/ros2_ws/install/examples_rclpy_minimal_service:/home/lasantha/ros2_ws/install/examples_rclpy_minimal_publisher:/home/lasantha/ros2_ws/install/examples_rclpy_minimal_client:/home/lasantha/ros2_ws/install/examples_rclpy_minimal_action_server:/home/lasantha/ros2_ws/install/examples_rclpy_minimal_action_client:/home/lasantha/ros2_ws/install/examples_rclpy_guard_conditions:/home/lasantha/ros2_ws/install/examples_rclpy_executors:/opt/ros/iron LD_LIBRARY_PATH=/home/lasantha/ros2_ws/install/micro_ros_agent/lib:/home/lasantha/ros2_ws/install/ardupilot_msgs/lib:/home/lasantha/ros2_ws/install/examples_rclcpp_wait_set/lib:/home/lasantha/ros2_ws/install/examples_rclcpp_minimal_subscriber/lib:/home/lasantha/ros2_ws/install/examples_rclcpp_minimal_composition/lib:/opt/ros/iron/opt/rviz_ogre_vendor/lib:/opt/ros/iron/lib/x86_64-linux-gnu:/opt/ros/iron/lib:/home/lasantha/.mujoco/mujoco210/bin:/usr/lib/nvidi:/home/lasantha/.mujoco/mujoco210/bin:/usr/lib/x86_64-linux-gnu/gazebo-11/plugins:/home/lasantha/motor_plugin/build PYTHONPATH=/home/lasantha/ros2_ws/install/ardupilot_msgs/lib/python3.10/site-packages:/home/lasantha/ros2_ws/install/py_2wbot_ctrl/lib/python3.10/site-packages:/home/lasantha/ros2_ws/install/py_pubsub/lib/python3.10/site-packages:/home/lasantha/ros2_ws/install/launch_testing_examples/lib/python3.10/site-packages:/home/lasantha/ros2_ws/install/examples_rclpy_pointcloud_publisher/lib/python3.10/site-packages:/home/lasantha/ros2_ws/install/examples_rclpy_minimal_subscriber/lib/python3.10/site-packages:/home/lasantha/ros2_ws/install/examples_rclpy_minimal_service/lib/python3.10/site-packages:/home/lasantha/ros2_ws/install/examples_rclpy_minimal_publisher/lib/python3.10/site-packages:/home/lasantha/ros2_ws/install/examples_rclpy_minimal_client/lib/python3.10/site-packages:/home/lasantha/ros2_ws/install/examples_rclpy_minimal_action_server/lib/python3.10/site-packages:/home/lasantha/ros2_ws/install/examples_rclpy_minimal_action_client/lib/python3.10/site-packages:/home/lasantha/ros2_ws/install/examples_rclpy_guard_conditions/lib/python3.10/site-packages:/home/lasantha/ros2_ws/install/examples_rclpy_executors/lib/python3.10/site-packages:/opt/ros/iron/lib/python3.10/site-packages /usr/bin/cmake --build /home/lasantha/ros2_ws/build/ardupilot_sitl -- -j8 -l8
[0.417s] Built target ament_cmake_python_copy_ardupilot_sitl
[0.417s] [32m[0mSetting top to                           :[0m [0m[32m[32m/home/lasantha/ros2_ws/src/ardupilot[0m [0m
[0.417s] [32m[0mSetting out to                           :[0m [0m[32m[32m/home/lasantha/ros2_ws/src/ardupilot/build[0m [0m
[0.417s] [32m[0mAutoconfiguration                        :[0m [0m[32m[32menabled[0m [0m
[0.417s] [32m[0mChecking for program 'python'            :[0m [0m[32m[32m/usr/bin/python3[0m [0m
[0.558s] running egg_info
[0.560s] writing ardupilot_sitl.egg-info/PKG-INFO
[0.561s] writing dependency_links to ardupilot_sitl.egg-info/dependency_links.txt
[0.561s] writing top-level names to ardupilot_sitl.egg-info/top_level.txt
[0.565s] reading manifest file 'ardupilot_sitl.egg-info/SOURCES.txt'
[0.569s] writing manifest file 'ardupilot_sitl.egg-info/SOURCES.txt'
[0.575s] [32m[0mChecking for python version >= 3.6.9     :[0m [0m[32m[32m3.10.12[0m [0m
[0.579s] [32m[0mSetting board to                         :[0m [0m[32m[32msitl[0m [0m
[0.579s] [32m[0mUsing toolchain                          :[0m [0m[32m[32mnative[0m [0m
[0.623s] [32m[0mChecking for 'g++' (C++ compiler)        :[0m [0mBuilt target ament_cmake_python_build_ardupilot_sitl_egg
[0.631s] [32m[32m/usr/bin/g++[0m [0m
[0.663s] [32m[0mChecking for 'gcc' (C compiler)          :[0m [0m[32m[32m/usr/bin/gcc[0m [0m
[0.687s] [32m[0mChecking for c flags '-MMD'              :[0m [0m[32m[32myes[0m [0m
[0.712s] [32m[0mChecking for cxx flags '-MMD'            :[0m [0m[32m[32myes[0m [0m
[0.713s] [32m[0mCXX Compiler                             :[0m [0m[32m[32mg++ 11.4.0[0m [0m
[0.832s] [32m[0mChecking for need to link with librt     :[0m [0m[32m[32mnot necessary[0m [0m
[0.947s] [32m[0mChecking for feenableexcept              :[0m [0m[32m[32myes[0m [0m
[0.948s] [32m[0mEnabling -Werror                         :[0m [0m[32m[32myes[0m [0m
[0.984s] [32m[0mChecking for program 'microxrceddsgen'   :[0m [0m[32m[33mnot found[0m [0m
[0.984s] [01;31mCould not find the program ['microxrceddsgen']
[0.984s] (complete log in /home/lasantha/ros2_ws/src/ardupilot/build/config.log)[0m
[1.031s] gmake[2]: *** [CMakeFiles/ardupilot_configure.dir/build.make:70: CMakeFiles/ardupilot_configure] Error 1
[1.031s] gmake[1]: *** [CMakeFiles/Makefile2:142: CMakeFiles/ardupilot_configure.dir/all] Error 2
[1.031s] gmake: *** [Makefile:146: all] Error 2
[1.054s] Invoked command in '/home/lasantha/ros2_ws/build/ardupilot_sitl' returned '2': CMAKE_PREFIX_PATH=/home/lasantha/ros2_ws/install/micro_ros_agent:/home/lasantha/ros2_ws/install/ardupilot_msgs:/home/lasantha/ros2_ws/install/my_package:/home/lasantha/ros2_ws/install/examples_rclcpp_wait_set:/home/lasantha/ros2_ws/install/examples_rclcpp_multithreaded_executor:/home/lasantha/ros2_ws/install/examples_rclcpp_minimal_timer:/home/lasantha/ros2_ws/install/examples_rclcpp_minimal_subscriber:/home/lasantha/ros2_ws/install/examples_rclcpp_minimal_service:/home/lasantha/ros2_ws/install/examples_rclcpp_minimal_publisher:/home/lasantha/ros2_ws/install/examples_rclcpp_minimal_composition:/home/lasantha/ros2_ws/install/examples_rclcpp_minimal_client:/home/lasantha/ros2_ws/install/examples_rclcpp_minimal_action_server:/home/lasantha/ros2_ws/install/examples_rclcpp_minimal_action_client:/home/lasantha/ros2_ws/install/examples_rclcpp_cbg_executor:/home/lasantha/ros2_ws/install/examples_rclcpp_async_client:/home/lasantha/ros2_ws/install/cpp_pubsub:/home/lasantha/ros2_ws/install/py_2wbot_ctrl:/home/lasantha/ros2_ws/install/py_pubsub:/home/lasantha/ros2_ws/install/launch_testing_examples:/home/lasantha/ros2_ws/install/examples_rclpy_pointcloud_publisher:/home/lasantha/ros2_ws/install/examples_rclpy_minimal_subscriber:/home/lasantha/ros2_ws/install/examples_rclpy_minimal_service:/home/lasantha/ros2_ws/install/examples_rclpy_minimal_publisher:/home/lasantha/ros2_ws/install/examples_rclpy_minimal_client:/home/lasantha/ros2_ws/install/examples_rclpy_minimal_action_server:/home/lasantha/ros2_ws/install/examples_rclpy_minimal_action_client:/home/lasantha/ros2_ws/install/examples_rclpy_guard_conditions:/home/lasantha/ros2_ws/install/examples_rclpy_executors:/opt/ros/iron LD_LIBRARY_PATH=/home/lasantha/ros2_ws/install/micro_ros_agent/lib:/home/lasantha/ros2_ws/install/ardupilot_msgs/lib:/home/lasantha/ros2_ws/install/examples_rclcpp_wait_set/lib:/home/lasantha/ros2_ws/install/examples_rclcpp_minimal_subscriber/lib:/home/lasantha/ros2_ws/install/examples_rclcpp_minimal_composition/lib:/opt/ros/iron/opt/rviz_ogre_vendor/lib:/opt/ros/iron/lib/x86_64-linux-gnu:/opt/ros/iron/lib:/home/lasantha/.mujoco/mujoco210/bin:/usr/lib/nvidi:/home/lasantha/.mujoco/mujoco210/bin:/usr/lib/x86_64-linux-gnu/gazebo-11/plugins:/home/lasantha/motor_plugin/build PYTHONPATH=/home/lasantha/ros2_ws/install/ardupilot_msgs/lib/python3.10/site-packages:/home/lasantha/ros2_ws/install/py_2wbot_ctrl/lib/python3.10/site-packages:/home/lasantha/ros2_ws/install/py_pubsub/lib/python3.10/site-packages:/home/lasantha/ros2_ws/install/launch_testing_examples/lib/python3.10/site-packages:/home/lasantha/ros2_ws/install/examples_rclpy_pointcloud_publisher/lib/python3.10/site-packages:/home/lasantha/ros2_ws/install/examples_rclpy_minimal_subscriber/lib/python3.10/site-packages:/home/lasantha/ros2_ws/install/examples_rclpy_minimal_service/lib/python3.10/site-packages:/home/lasantha/ros2_ws/install/examples_rclpy_minimal_publisher/lib/python3.10/site-packages:/home/lasantha/ros2_ws/install/examples_rclpy_minimal_client/lib/python3.10/site-packages:/home/lasantha/ros2_ws/install/examples_rclpy_minimal_action_server/lib/python3.10/site-packages:/home/lasantha/ros2_ws/install/examples_rclpy_minimal_action_client/lib/python3.10/site-packages:/home/lasantha/ros2_ws/install/examples_rclpy_guard_conditions/lib/python3.10/site-packages:/home/lasantha/ros2_ws/install/examples_rclpy_executors/lib/python3.10/site-packages:/opt/ros/iron/lib/python3.10/site-packages /usr/bin/cmake --build /home/lasantha/ros2_ws/build/ardupilot_sitl -- -j8 -l8
