[0.009s] Invoking command in '/home/lasantha/ros2_ws/build/more_interfaces': CMAKE_PREFIX_PATH=${CMAKE_PREFIX_PATH}:/home/lasantha/ros2_ws/install/py_pubsub:/home/lasantha/ros2_ws/install/py_2wbot_ctrl:/home/lasantha/ros2_ws/install/launch_testing_examples:/home/lasantha/ros2_ws/install/examples_rclpy_pointcloud_publisher:/home/lasantha/ros2_ws/install/examples_rclpy_minimal_subscriber:/home/lasantha/ros2_ws/install/examples_rclpy_minimal_service:/home/lasantha/ros2_ws/install/examples_rclpy_minimal_publisher:/home/lasantha/ros2_ws/install/examples_rclpy_minimal_client:/home/lasantha/ros2_ws/install/examples_rclpy_minimal_action_server:/home/lasantha/ros2_ws/install/examples_rclpy_minimal_action_client:/home/lasantha/ros2_ws/install/examples_rclpy_guard_conditions:/home/lasantha/ros2_ws/install/examples_rclpy_executors:/opt/ros/iron /usr/bin/cmake --build /home/lasantha/ros2_ws/build/more_interfaces -- -j8 -l8
[0.028s] -- Found ament_cmake: 2.0.4 (/opt/ros/iron/share/ament_cmake/cmake)
[0.150s] -- Found rosidl_default_generators: 1.5.0 (/opt/ros/iron/share/rosidl_default_generators/cmake)
[0.153s] -- Using all available rosidl_typesupport_c: rosidl_typesupport_fastrtps_c;rosidl_typesupport_introspection_c
[0.174s] -- Using all available rosidl_typesupport_cpp: rosidl_typesupport_fastrtps_cpp;rosidl_typesupport_introspection_cpp
[0.190s] -- Found rosidl_adapter: 4.0.1 (/opt/ros/iron/share/rosidl_adapter/cmake)
[0.442s] -- Found ament_cmake_ros: 0.11.2 (/opt/ros/iron/share/ament_cmake_ros/cmake)
[0.598s] -- Using all available rosidl_typesupport_c: rosidl_typesupport_fastrtps_c;rosidl_typesupport_introspection_c
[0.798s] -- Using all available rosidl_typesupport_cpp: rosidl_typesupport_fastrtps_cpp;rosidl_typesupport_introspection_cpp
[0.819s] -- Found python_cmake_module: 0.10.2 (/opt/ros/iron/share/python_cmake_module/cmake)
[0.840s] -- Using PYTHON_EXECUTABLE: /usr/bin/python3
[0.841s] -- Using PYTHON_INCLUDE_DIRS: /usr/include/python3.10
[0.841s] -- Using PYTHON_LIBRARIES: /usr/lib/x86_64-linux-gnu/libpython3.10.so
[0.852s] -- Found ament_lint_auto: 0.14.3 (/opt/ros/iron/share/ament_lint_auto/cmake)
[0.856s] -- Added test 'lint_cmake' to check CMake code style
[0.857s] -- Added test 'xmllint' to check XML markup files
[0.857s] -- Configuring done
[0.872s] -- Generating done
[0.873s] -- Build files have been written to: /home/lasantha/ros2_ws/build/more_interfaces
[0.900s] [  2%] [34m[1mGenerating type hashes for ROS interfaces[0m
[0.907s] [  2%] Built target ament_cmake_python_copy_more_interfaces
[1.049s] Traceback (most recent call last):
[1.049s]   File "/opt/ros/iron/lib/rosidl_generator_type_description/rosidl_generator_type_description", line 50, in <module>
[1.049s]     sys.exit(main())
[1.049s]   File "/opt/ros/iron/lib/rosidl_generator_type_description/rosidl_generator_type_description", line 46, in main
[1.049s]     generate_type_hash(args.generator_arguments_file)
[1.049s]   File "/opt/ros/iron/lib/python3.10/site-packages/rosidl_generator_type_description/__init__.py", line 160, in generate_type_hash
[1.049s]     pkg_dir = include_map[pkg]
[1.049s] KeyError: 'geometry_msgs'
[1.062s] gmake[2]: *** [CMakeFiles/more_interfaces__rosidl_generator_type_description.dir/build.make:75: rosidl_generator_type_description/more_interfaces/msg/CustomState.json] Error 1
[1.062s] gmake[1]: *** [CMakeFiles/Makefile2:215: CMakeFiles/more_interfaces__rosidl_generator_type_description.dir/all] Error 2
[1.062s] gmake[1]: *** Waiting for unfinished jobs....
[1.109s] running egg_info
[1.109s] writing more_interfaces.egg-info/PKG-INFO
[1.109s] writing dependency_links to more_interfaces.egg-info/dependency_links.txt
[1.109s] writing top-level names to more_interfaces.egg-info/top_level.txt
[1.111s] reading manifest file 'more_interfaces.egg-info/SOURCES.txt'
[1.111s] writing manifest file 'more_interfaces.egg-info/SOURCES.txt'
[1.130s] [  2%] Built target ament_cmake_python_build_more_interfaces_egg
[1.131s] gmake: *** [Makefile:146: all] Error 2
[1.133s] Invoked command in '/home/lasantha/ros2_ws/build/more_interfaces' returned '2': CMAKE_PREFIX_PATH=${CMAKE_PREFIX_PATH}:/home/lasantha/ros2_ws/install/py_pubsub:/home/lasantha/ros2_ws/install/py_2wbot_ctrl:/home/lasantha/ros2_ws/install/launch_testing_examples:/home/lasantha/ros2_ws/install/examples_rclpy_pointcloud_publisher:/home/lasantha/ros2_ws/install/examples_rclpy_minimal_subscriber:/home/lasantha/ros2_ws/install/examples_rclpy_minimal_service:/home/lasantha/ros2_ws/install/examples_rclpy_minimal_publisher:/home/lasantha/ros2_ws/install/examples_rclpy_minimal_client:/home/lasantha/ros2_ws/install/examples_rclpy_minimal_action_server:/home/lasantha/ros2_ws/install/examples_rclpy_minimal_action_client:/home/lasantha/ros2_ws/install/examples_rclpy_guard_conditions:/home/lasantha/ros2_ws/install/examples_rclpy_executors:/opt/ros/iron /usr/bin/cmake --build /home/lasantha/ros2_ws/build/more_interfaces -- -j8 -l8
