[0.008s] Invoking command in '/home/lasantha/ros2_ws/build/ardupilot_sitl': AMENT_PREFIX_PATH=/home/lasantha/ros2_ws/install/micro_ros_agent:/home/lasantha/ros2_ws/install/ardupilot_msgs:${AMENT_PREFIX_PATH} CMAKE_PREFIX_PATH=/home/lasantha/ros2_ws/install/micro_ros_agent:/home/lasantha/ros2_ws/install/ardupilot_msgs:/home/lasantha/ros2_ws/install/my_package:/home/lasantha/ros2_ws/install/examples_rclcpp_wait_set:/home/lasantha/ros2_ws/install/examples_rclcpp_multithreaded_executor:/home/lasantha/ros2_ws/install/examples_rclcpp_minimal_timer:/home/lasantha/ros2_ws/install/examples_rclcpp_minimal_subscriber:/home/lasantha/ros2_ws/install/examples_rclcpp_minimal_service:/home/lasantha/ros2_ws/install/examples_rclcpp_minimal_publisher:/home/lasantha/ros2_ws/install/examples_rclcpp_minimal_composition:/home/lasantha/ros2_ws/install/examples_rclcpp_minimal_client:/home/lasantha/ros2_ws/install/examples_rclcpp_minimal_action_server:/home/lasantha/ros2_ws/install/examples_rclcpp_minimal_action_client:/home/lasantha/ros2_ws/install/examples_rclcpp_cbg_executor:/home/lasantha/ros2_ws/install/examples_rclcpp_async_client:/home/lasantha/ros2_ws/second_ros2_ws/install/urdf_tutorial_r2d2:/home/lasantha/ros2_ws/install/launch_testing_examples:/home/lasantha/ros2_ws/install/examples_rclpy_pointcloud_publisher:/home/lasantha/ros2_ws/install/examples_rclpy_minimal_subscriber:/home/lasantha/ros2_ws/install/examples_rclpy_minimal_service:/home/lasantha/ros2_ws/install/examples_rclpy_minimal_publisher:/home/lasantha/ros2_ws/install/examples_rclpy_minimal_client:/home/lasantha/ros2_ws/install/examples_rclpy_minimal_action_server:/home/lasantha/ros2_ws/install/examples_rclpy_minimal_action_client:/home/lasantha/ros2_ws/install/examples_rclpy_guard_conditions:/home/lasantha/ros2_ws/install/examples_rclpy_executors:/opt/ros/iron LD_LIBRARY_PATH=/home/lasantha/ros2_ws/install/micro_ros_agent/lib:/home/lasantha/ros2_ws/install/ardupilot_msgs/lib:/home/lasantha/ros2_ws/install/examples_rclcpp_wait_set/lib:/home/lasantha/ros2_ws/install/examples_rclcpp_minimal_subscriber/lib:/home/lasantha/ros2_ws/install/examples_rclcpp_minimal_composition/lib:/opt/ros/iron/opt/rviz_ogre_vendor/lib:/opt/ros/iron/lib/x86_64-linux-gnu:/opt/ros/iron/lib:/home/lasantha/.mujoco/mujoco210/bin:/usr/lib/nvidi:/home/lasantha/.mujoco/mujoco210/bin:/usr/lib/x86_64-linux-gnu/gazebo-11/plugins:/home/lasantha/.mujoco/mujoco210/bin:/usr/lib/nvidi:/home/lasantha/.mujoco/mujoco210/bin PYTHONPATH=/home/lasantha/ros2_ws/install/ardupilot_msgs/lib/python3.10/site-packages:${PYTHONPATH} /usr/bin/cmake /home/lasantha/ros2_ws/src/ardupilot/Tools/ros2/ardupilot_sitl -DCMAKE_INSTALL_PREFIX=/home/lasantha/ros2_ws/install/ardupilot_sitl
[0.051s] -- The C compiler identification is GNU 11.4.0
[0.090s] -- The CXX compiler identification is GNU 11.4.0
[0.095s] -- Detecting C compiler ABI info
[0.155s] -- Detecting C compiler ABI info - done
[0.161s] -- Check for working C compiler: /usr/bin/cc - skipped
[0.162s] -- Detecting C compile features
[0.162s] -- Detecting C compile features - done
[0.165s] -- Detecting CXX compiler ABI info
[0.230s] -- Detecting CXX compiler ABI info - done
[0.235s] -- Check for working CXX compiler: /usr/bin/c++ - skipped
[0.235s] -- Detecting CXX compile features
[0.235s] -- Detecting CXX compile features - done
[0.238s] -- Found ament_cmake: 2.0.4 (/opt/ros/iron/share/ament_cmake/cmake)
[0.400s] -- Found Python3: /usr/bin/python3.10 (found version "3.10.12") found components: Interpreter 
[0.478s] -- WAF_COMMAND: /home/lasantha/ros2_ws/src/ardupilot/waf
[0.546s] -- Found ament_lint_auto: 0.14.3 (/opt/ros/iron/share/ament_lint_auto/cmake)
[0.608s] -- Added test 'black' to check Python code style
[0.608s] -- Added test 'copyright' to check source files copyright and LICENSE
[0.609s] -- Added test 'lint_cmake' to check CMake code style
[0.609s] -- Added test 'pep257' to check Python code against some of the docstring style conventions in PEP 257
[0.610s] -- Added test 'xmllint' to check XML markup files
[0.611s] -- Configuring done
[0.614s] -- Generating done
[0.615s] -- Build files have been written to: /home/lasantha/ros2_ws/build/ardupilot_sitl
[0.618s] Invoked command in '/home/lasantha/ros2_ws/build/ardupilot_sitl' returned '0': AMENT_PREFIX_PATH=/home/lasantha/ros2_ws/install/micro_ros_agent:/home/lasantha/ros2_ws/install/ardupilot_msgs:${AMENT_PREFIX_PATH} CMAKE_PREFIX_PATH=/home/lasantha/ros2_ws/install/micro_ros_agent:/home/lasantha/ros2_ws/install/ardupilot_msgs:/home/lasantha/ros2_ws/install/my_package:/home/lasantha/ros2_ws/install/examples_rclcpp_wait_set:/home/lasantha/ros2_ws/install/examples_rclcpp_multithreaded_executor:/home/lasantha/ros2_ws/install/examples_rclcpp_minimal_timer:/home/lasantha/ros2_ws/install/examples_rclcpp_minimal_subscriber:/home/lasantha/ros2_ws/install/examples_rclcpp_minimal_service:/home/lasantha/ros2_ws/install/examples_rclcpp_minimal_publisher:/home/lasantha/ros2_ws/install/examples_rclcpp_minimal_composition:/home/lasantha/ros2_ws/install/examples_rclcpp_minimal_client:/home/lasantha/ros2_ws/install/examples_rclcpp_minimal_action_server:/home/lasantha/ros2_ws/install/examples_rclcpp_minimal_action_client:/home/lasantha/ros2_ws/install/examples_rclcpp_cbg_executor:/home/lasantha/ros2_ws/install/examples_rclcpp_async_client:/home/lasantha/ros2_ws/second_ros2_ws/install/urdf_tutorial_r2d2:/home/lasantha/ros2_ws/install/launch_testing_examples:/home/lasantha/ros2_ws/install/examples_rclpy_pointcloud_publisher:/home/lasantha/ros2_ws/install/examples_rclpy_minimal_subscriber:/home/lasantha/ros2_ws/install/examples_rclpy_minimal_service:/home/lasantha/ros2_ws/install/examples_rclpy_minimal_publisher:/home/lasantha/ros2_ws/install/examples_rclpy_minimal_client:/home/lasantha/ros2_ws/install/examples_rclpy_minimal_action_server:/home/lasantha/ros2_ws/install/examples_rclpy_minimal_action_client:/home/lasantha/ros2_ws/install/examples_rclpy_guard_conditions:/home/lasantha/ros2_ws/install/examples_rclpy_executors:/opt/ros/iron LD_LIBRARY_PATH=/home/lasantha/ros2_ws/install/micro_ros_agent/lib:/home/lasantha/ros2_ws/install/ardupilot_msgs/lib:/home/lasantha/ros2_ws/install/examples_rclcpp_wait_set/lib:/home/lasantha/ros2_ws/install/examples_rclcpp_minimal_subscriber/lib:/home/lasantha/ros2_ws/install/examples_rclcpp_minimal_composition/lib:/opt/ros/iron/opt/rviz_ogre_vendor/lib:/opt/ros/iron/lib/x86_64-linux-gnu:/opt/ros/iron/lib:/home/lasantha/.mujoco/mujoco210/bin:/usr/lib/nvidi:/home/lasantha/.mujoco/mujoco210/bin:/usr/lib/x86_64-linux-gnu/gazebo-11/plugins:/home/lasantha/.mujoco/mujoco210/bin:/usr/lib/nvidi:/home/lasantha/.mujoco/mujoco210/bin PYTHONPATH=/home/lasantha/ros2_ws/install/ardupilot_msgs/lib/python3.10/site-packages:${PYTHONPATH} /usr/bin/cmake /home/lasantha/ros2_ws/src/ardupilot/Tools/ros2/ardupilot_sitl -DCMAKE_INSTALL_PREFIX=/home/lasantha/ros2_ws/install/ardupilot_sitl
[0.619s] Invoking command in '/home/lasantha/ros2_ws/build/ardupilot_sitl': AMENT_PREFIX_PATH=/home/lasantha/ros2_ws/install/micro_ros_agent:/home/lasantha/ros2_ws/install/ardupilot_msgs:${AMENT_PREFIX_PATH} CMAKE_PREFIX_PATH=/home/lasantha/ros2_ws/install/micro_ros_agent:/home/lasantha/ros2_ws/install/ardupilot_msgs:/home/lasantha/ros2_ws/install/my_package:/home/lasantha/ros2_ws/install/examples_rclcpp_wait_set:/home/lasantha/ros2_ws/install/examples_rclcpp_multithreaded_executor:/home/lasantha/ros2_ws/install/examples_rclcpp_minimal_timer:/home/lasantha/ros2_ws/install/examples_rclcpp_minimal_subscriber:/home/lasantha/ros2_ws/install/examples_rclcpp_minimal_service:/home/lasantha/ros2_ws/install/examples_rclcpp_minimal_publisher:/home/lasantha/ros2_ws/install/examples_rclcpp_minimal_composition:/home/lasantha/ros2_ws/install/examples_rclcpp_minimal_client:/home/lasantha/ros2_ws/install/examples_rclcpp_minimal_action_server:/home/lasantha/ros2_ws/install/examples_rclcpp_minimal_action_client:/home/lasantha/ros2_ws/install/examples_rclcpp_cbg_executor:/home/lasantha/ros2_ws/install/examples_rclcpp_async_client:/home/lasantha/ros2_ws/second_ros2_ws/install/urdf_tutorial_r2d2:/home/lasantha/ros2_ws/install/launch_testing_examples:/home/lasantha/ros2_ws/install/examples_rclpy_pointcloud_publisher:/home/lasantha/ros2_ws/install/examples_rclpy_minimal_subscriber:/home/lasantha/ros2_ws/install/examples_rclpy_minimal_service:/home/lasantha/ros2_ws/install/examples_rclpy_minimal_publisher:/home/lasantha/ros2_ws/install/examples_rclpy_minimal_client:/home/lasantha/ros2_ws/install/examples_rclpy_minimal_action_server:/home/lasantha/ros2_ws/install/examples_rclpy_minimal_action_client:/home/lasantha/ros2_ws/install/examples_rclpy_guard_conditions:/home/lasantha/ros2_ws/install/examples_rclpy_executors:/opt/ros/iron LD_LIBRARY_PATH=/home/lasantha/ros2_ws/install/micro_ros_agent/lib:/home/lasantha/ros2_ws/install/ardupilot_msgs/lib:/home/lasantha/ros2_ws/install/examples_rclcpp_wait_set/lib:/home/lasantha/ros2_ws/install/examples_rclcpp_minimal_subscriber/lib:/home/lasantha/ros2_ws/install/examples_rclcpp_minimal_composition/lib:/opt/ros/iron/opt/rviz_ogre_vendor/lib:/opt/ros/iron/lib/x86_64-linux-gnu:/opt/ros/iron/lib:/home/lasantha/.mujoco/mujoco210/bin:/usr/lib/nvidi:/home/lasantha/.mujoco/mujoco210/bin:/usr/lib/x86_64-linux-gnu/gazebo-11/plugins:/home/lasantha/.mujoco/mujoco210/bin:/usr/lib/nvidi:/home/lasantha/.mujoco/mujoco210/bin PYTHONPATH=/home/lasantha/ros2_ws/install/ardupilot_msgs/lib/python3.10/site-packages:${PYTHONPATH} /usr/bin/cmake --build /home/lasantha/ros2_ws/build/ardupilot_sitl -- -j8 -l8
[0.659s] Built target ament_cmake_python_copy_ardupilot_sitl
[0.825s] [32m[0mSetting top to                           :[0m [0m[32m[32m/home/lasantha/ros2_ws/src/ardupilot[0m [0m
[0.825s] [32m[0mSetting out to                           :[0m [0m[32m[32m/home/lasantha/ros2_ws/src/ardupilot/build[0m [0m
[0.835s] [32m[0mAutoconfiguration                        :[0m [0m[32m[32menabled[0m [0m
[0.835s] [32m[0mChecking for program 'python'            :[0m [0m[32m[32m/usr/bin/python3[0m [0m
[0.889s] running egg_info
[0.890s] creating ardupilot_sitl.egg-info
[0.890s] writing ardupilot_sitl.egg-info/PKG-INFO
[0.890s] writing dependency_links to ardupilot_sitl.egg-info/dependency_links.txt
[0.890s] writing top-level names to ardupilot_sitl.egg-info/top_level.txt
[0.890s] writing manifest file 'ardupilot_sitl.egg-info/SOURCES.txt'
[0.892s] reading manifest file 'ardupilot_sitl.egg-info/SOURCES.txt'
[0.892s] writing manifest file 'ardupilot_sitl.egg-info/SOURCES.txt'
[0.911s] Built target ament_cmake_python_build_ardupilot_sitl_egg
[0.942s] [32m[0mChecking for python version >= 3.6.9     :[0m [0m[32m[32m3.10.12[0m [0m
[0.944s] [32m[0mSetting board to                         :[0m [0m[32m[32msitl[0m [0m
[0.945s] [32m[0mUsing toolchain                          :[0m [0m[32m[32mnative[0m [0m
[0.960s] [32m[0mChecking for 'g++' (C++ compiler)        :[0m [0m[32m[32m/usr/bin/g++[0m [0m
[0.975s] [32m[0mChecking for 'gcc' (C compiler)          :[0m [0m[32m[32m/usr/bin/gcc[0m [0m
[0.988s] [32m[0mChecking for c flags '-MMD'              :[0m [0m[32m[32myes[0m [0m
[1.001s] [32m[0mChecking for cxx flags '-MMD'            :[0m [0m[32m[32myes[0m [0m
[1.002s] [32m[0mCXX Compiler                             :[0m [0m[32m[32mg++ 11.4.0[0m [0m
[1.038s] [32m[0mChecking for need to link with librt     :[0m [0m[32m[32mnot necessary[0m [0m
[1.083s] [32m[0mChecking for feenableexcept              :[0m [0m[32m[32myes[0m [0m
[1.083s] [32m[0mEnabling -Werror                         :[0m [0m[32m[32myes[0m [0m
[1.094s] [32m[0mChecking for program 'microxrceddsgen'   :[0m [0m[32m[33mnot found[0m [0m
[1.095s] [01;31mCould not find the program ['microxrceddsgen']
[1.095s] (complete log in /home/lasantha/ros2_ws/src/ardupilot/build/config.log)[0m
[1.109s] gmake[2]: *** [CMakeFiles/ardupilot_configure.dir/build.make:70: CMakeFiles/ardupilot_configure] Error 1
[1.109s] gmake[1]: *** [CMakeFiles/Makefile2:142: CMakeFiles/ardupilot_configure.dir/all] Error 2
[1.110s] gmake: *** [Makefile:146: all] Error 2
[1.111s] Invoked command in '/home/lasantha/ros2_ws/build/ardupilot_sitl' returned '2': AMENT_PREFIX_PATH=/home/lasantha/ros2_ws/install/micro_ros_agent:/home/lasantha/ros2_ws/install/ardupilot_msgs:${AMENT_PREFIX_PATH} CMAKE_PREFIX_PATH=/home/lasantha/ros2_ws/install/micro_ros_agent:/home/lasantha/ros2_ws/install/ardupilot_msgs:/home/lasantha/ros2_ws/install/my_package:/home/lasantha/ros2_ws/install/examples_rclcpp_wait_set:/home/lasantha/ros2_ws/install/examples_rclcpp_multithreaded_executor:/home/lasantha/ros2_ws/install/examples_rclcpp_minimal_timer:/home/lasantha/ros2_ws/install/examples_rclcpp_minimal_subscriber:/home/lasantha/ros2_ws/install/examples_rclcpp_minimal_service:/home/lasantha/ros2_ws/install/examples_rclcpp_minimal_publisher:/home/lasantha/ros2_ws/install/examples_rclcpp_minimal_composition:/home/lasantha/ros2_ws/install/examples_rclcpp_minimal_client:/home/lasantha/ros2_ws/install/examples_rclcpp_minimal_action_server:/home/lasantha/ros2_ws/install/examples_rclcpp_minimal_action_client:/home/lasantha/ros2_ws/install/examples_rclcpp_cbg_executor:/home/lasantha/ros2_ws/install/examples_rclcpp_async_client:/home/lasantha/ros2_ws/second_ros2_ws/install/urdf_tutorial_r2d2:/home/lasantha/ros2_ws/install/launch_testing_examples:/home/lasantha/ros2_ws/install/examples_rclpy_pointcloud_publisher:/home/lasantha/ros2_ws/install/examples_rclpy_minimal_subscriber:/home/lasantha/ros2_ws/install/examples_rclpy_minimal_service:/home/lasantha/ros2_ws/install/examples_rclpy_minimal_publisher:/home/lasantha/ros2_ws/install/examples_rclpy_minimal_client:/home/lasantha/ros2_ws/install/examples_rclpy_minimal_action_server:/home/lasantha/ros2_ws/install/examples_rclpy_minimal_action_client:/home/lasantha/ros2_ws/install/examples_rclpy_guard_conditions:/home/lasantha/ros2_ws/install/examples_rclpy_executors:/opt/ros/iron LD_LIBRARY_PATH=/home/lasantha/ros2_ws/install/micro_ros_agent/lib:/home/lasantha/ros2_ws/install/ardupilot_msgs/lib:/home/lasantha/ros2_ws/install/examples_rclcpp_wait_set/lib:/home/lasantha/ros2_ws/install/examples_rclcpp_minimal_subscriber/lib:/home/lasantha/ros2_ws/install/examples_rclcpp_minimal_composition/lib:/opt/ros/iron/opt/rviz_ogre_vendor/lib:/opt/ros/iron/lib/x86_64-linux-gnu:/opt/ros/iron/lib:/home/lasantha/.mujoco/mujoco210/bin:/usr/lib/nvidi:/home/lasantha/.mujoco/mujoco210/bin:/usr/lib/x86_64-linux-gnu/gazebo-11/plugins:/home/lasantha/.mujoco/mujoco210/bin:/usr/lib/nvidi:/home/lasantha/.mujoco/mujoco210/bin PYTHONPATH=/home/lasantha/ros2_ws/install/ardupilot_msgs/lib/python3.10/site-packages:${PYTHONPATH} /usr/bin/cmake --build /home/lasantha/ros2_ws/build/ardupilot_sitl -- -j8 -l8
